<?xml version="1.0" encoding="UTF-8" ?>
<testsuite tests="23" failures="0" name="mct.testRunner.Run_Cucumber_Test" time="4.572" errors="0" skipped="0">
  <properties>
    <property name="java.runtime.name" value="Java(TM) SE Runtime Environment"/>
    <property name="sun.boot.library.path" value="C:\Program Files\Java\jdk1.8.0_231\jre\bin"/>
    <property name="java.vm.version" value="25.231-b11"/>
    <property name="java.vm.vendor" value="Oracle Corporation"/>
    <property name="maven.multiModuleProjectDirectory" value="C:\Users\ABUL\Downloads\TodayProject\multicart-bdd-auto-project"/>
    <property name="java.vendor.url" value="http://java.oracle.com/"/>
    <property name="path.separator" value=";"/>
    <property name="guice.disable.misplaced.annotation.check" value="true"/>
    <property name="java.vm.name" value="Java HotSpot(TM) 64-Bit Server VM"/>
    <property name="file.encoding.pkg" value="sun.io"/>
    <property name="user.script" value=""/>
    <property name="user.country" value="US"/>
    <property name="sun.java.launcher" value="SUN_STANDARD"/>
    <property name="sun.os.patch.level" value=""/>
    <property name="java.vm.specification.name" value="Java Virtual Machine Specification"/>
    <property name="user.dir" value="C:\Users\ABUL\Downloads\TodayProject\multicart-bdd-auto-project"/>
    <property name="java.runtime.version" value="1.8.0_231-b11"/>
    <property name="java.awt.graphicsenv" value="sun.awt.Win32GraphicsEnvironment"/>
    <property name="java.endorsed.dirs" value="C:\Program Files\Java\jdk1.8.0_231\jre\lib\endorsed"/>
    <property name="os.arch" value="amd64"/>
    <property name="java.io.tmpdir" value="C:\Users\ABUL\AppData\Local\Temp\"/>
    <property name="line.separator" value="
"/>
    <property name="java.vm.specification.vendor" value="Oracle Corporation"/>
    <property name="user.variant" value=""/>
    <property name="os.name" value="Windows 10"/>
    <property name="classworlds.conf" value="C:\Users\ABUL\Downloads\apache-maven-3.6.3-bin\apache-maven-3.6.3\bin\..\bin\m2.conf"/>
    <property name="sun.jnu.encoding" value="Cp1252"/>
    <property name="java.library.path" value="C:\Program Files\Java\jdk1.8.0_231\bin;C:\WINDOWS\Sun\Java\bin;C:\WINDOWS\system32;C:\WINDOWS;C:\Program Files (x86)\Common Files\Oracle\Java\javapath;C:\WINDOWS\system32;C:\WINDOWS;C:\WINDOWS\System32\Wbem;C:\WINDOWS\System32\WindowsPowerShell\v1.0\;C:\WINDOWS\System32\OpenSSH\;C:\Program Files\Java\jre1.8.0_231\bin;C:\Users\ABUL\Downloads\axis2-1.6.2\axis2-1.6.2\bin;C:\Users\ABUL\Downloads\apache-maven-3.6.3-bin\apache-maven-3.6.3\bin;C:\Program Files\Git\cmd;C:\Program Files\Java\jdk1.8.0_231\bin;C:\Program Files\Vim\vim81;."/>
    <property name="maven.conf" value="C:\Users\ABUL\Downloads\apache-maven-3.6.3-bin\apache-maven-3.6.3\bin\../conf"/>
    <property name="java.specification.name" value="Java Platform API Specification"/>
    <property name="java.class.version" value="52.0"/>
    <property name="sun.management.compiler" value="HotSpot 64-Bit Tiered Compilers"/>
    <property name="os.version" value="10.0"/>
    <property name="library.jansi.path" value="C:\Users\ABUL\Downloads\apache-maven-3.6.3-bin\apache-maven-3.6.3\bin\..\lib\jansi-native"/>
    <property name="user.home" value="C:\Users\ABUL"/>
    <property name="user.timezone" value="America/New_York"/>
    <property name="java.awt.printerjob" value="sun.awt.windows.WPrinterJob"/>
    <property name="java.specification.version" value="1.8"/>
    <property name="file.encoding" value="Cp1252"/>
    <property name="user.name" value="ABUL"/>
    <property name="java.class.path" value="C:\Users\ABUL\Downloads\apache-maven-3.6.3-bin\apache-maven-3.6.3\bin\..\boot\plexus-classworlds-2.6.0.jar"/>
    <property name="java.vm.specification.version" value="1.8"/>
    <property name="sun.arch.data.model" value="64"/>
    <property name="java.home" value="C:\Program Files\Java\jdk1.8.0_231\jre"/>
    <property name="sun.java.command" value="org.codehaus.plexus.classworlds.launcher.Launcher clean test"/>
    <property name="java.specification.vendor" value="Oracle Corporation"/>
    <property name="user.language" value="en"/>
    <property name="awt.toolkit" value="sun.awt.windows.WToolkit"/>
    <property name="java.vm.info" value="mixed mode"/>
    <property name="java.version" value="1.8.0_231"/>
    <property name="java.ext.dirs" value="C:\Program Files\Java\jdk1.8.0_231\jre\lib\ext;C:\WINDOWS\Sun\Java\lib\ext"/>
    <property name="sun.boot.class.path" value="C:\Program Files\Java\jdk1.8.0_231\jre\lib\resources.jar;C:\Program Files\Java\jdk1.8.0_231\jre\lib\rt.jar;C:\Program Files\Java\jdk1.8.0_231\jre\lib\sunrsasign.jar;C:\Program Files\Java\jdk1.8.0_231\jre\lib\jsse.jar;C:\Program Files\Java\jdk1.8.0_231\jre\lib\jce.jar;C:\Program Files\Java\jdk1.8.0_231\jre\lib\charsets.jar;C:\Program Files\Java\jdk1.8.0_231\jre\lib\jfr.jar;C:\Program Files\Java\jdk1.8.0_231\jre\classes"/>
    <property name="sun.stderr.encoding" value="cp437"/>
    <property name="java.vendor" value="Oracle Corporation"/>
    <property name="maven.home" value="C:\Users\ABUL\Downloads\apache-maven-3.6.3-bin\apache-maven-3.6.3\bin\.."/>
    <property name="file.separator" value="\"/>
    <property name="java.vendor.url.bug" value="http://bugreport.sun.com/bugreport/"/>
    <property name="sun.cpu.endian" value="little"/>
    <property name="sun.io.unicode.encoding" value="UnicodeLittle"/>
    <property name="sun.stdout.encoding" value="cp437"/>
    <property name="sun.desktop" value="windows"/>
    <property name="sun.cpu.isalist" value="amd64"/>
  </properties>
  <testcase classname="Scenario: Successfull login" name="Given I open browser chrome" time="0"/>
  <testcase classname="Scenario: Successfull login" name="And I land on multicart landing page" time="0"/>
  <testcase classname="Scenario: Successfull login" name="When I complete login with James valid credentails" time="0"/>
  <testcase classname="Scenario: Successfull login" name="Then I expect to seee profile Name as James Williams" time="0"/>
  <testcase classname="Scenario: Successfull login" name="Scenario: Successfull login" time="4.105"/>
  <testcase classname="Scenario: My Account options are available" name="Given I open browser chrome" time="0"/>
  <testcase classname="Scenario: My Account options are available" name="And I land on multicart landing page" time="0"/>
  <testcase classname="Scenario: My Account options are available" name="And I complete login with James valid credentails" time="0"/>
  <testcase classname="Scenario: My Account options are available" name="And I navigate to my account page" time="0"/>
  <testcase classname="Scenario: My Account options are available" name="Then I see all my account options available" time="0"/>
  <testcase classname="Scenario: My Account options are available" name="Scenario: My Account options are available" time="0.167"/>
  <testcase classname="Scenario: Can be navigate to all options pages" name="Given I open browser chrome" time="0"/>
  <testcase classname="Scenario: Can be navigate to all options pages" name="And I land on multicart landing page" time="0"/>
  <testcase classname="Scenario: Can be navigate to all options pages" name="And I complete login with James valid credentails" time="0"/>
  <testcase classname="Scenario: Can be navigate to all options pages" name="And I navigate to my account page" time="0"/>
  <testcase classname="Scenario: Can be navigate to all options pages" name="Then I expect all options links are working" time="0"/>
  <testcase classname="Scenario: Can be navigate to all options pages" name="Scenario: Can be navigate to all options pages" time="0.159"/>
  <testcase classname="Scenario: Successfull registration" name="Given I open browser chrome" time="0"/>
  <testcase classname="Scenario: Successfull registration" name="And I land on multicart landing page" time="0"/>
  <testcase classname="Scenario: Successfull registration" name="And I navigate to Registration Page" time="0"/>
  <testcase classname="Scenario: Successfull registration" name="When I complete registration for MR FNAME" time="0"/>
  <testcase classname="Scenario: Successfull registration" name="Then I expect to seee profile Name MR FNAME" time="0"/>
  <testcase classname="Scenario: Successfull registration" name="Scenario: Successfull registration" time="0.141"/>
</testsuite>